{"/Users/aly/Documents/ESGI/Clean-Code/project/src/index.ts": {"path":"/Users/aly/Documents/ESGI/Clean-Code/project/src/index.ts","statementMap":{"0":{"start":{"line":1,"column":0},"end":{"line":1,"column":51}},"1":{"start":{"line":2,"column":0},"end":{"line":2,"column":28}},"2":{"start":{"line":3,"column":0},"end":{"line":3,"column":30}},"3":{"start":{"line":4,"column":0},"end":{"line":4,"column":32}},"4":{"start":{"line":5,"column":0},"end":{"line":5,"column":41}},"5":{"start":{"line":6,"column":0},"end":{"line":6,"column":43}},"6":{"start":{"line":8,"column":0},"end":{"line":8,"column":16}},"7":{"start":{"line":10,"column":12},"end":{"line":10,"column":21}},"8":{"start":{"line":11,"column":13},"end":{"line":11,"column":37}},"9":{"start":{"line":12,"column":18},"end":{"line":12,"column":39}},"10":{"start":{"line":14,"column":0},"end":{"line":17,"column":1}},"11":{"start":{"line":15,"column":2},"end":{"line":15,"column":61}},"12":{"start":{"line":16,"column":2},"end":{"line":16,"column":18}},"13":{"start":{"line":19,"column":0},"end":{"line":27,"column":4}},"14":{"start":{"line":29,"column":2},"end":{"line":32,"column":5}},"15":{"start":{"line":30,"column":4},"end":{"line":30,"column":54}},"16":{"start":{"line":31,"column":4},"end":{"line":31,"column":20}},"17":{"start":{"line":35,"column":0},"end":{"line":35,"column":24}},"18":{"start":{"line":38,"column":0},"end":{"line":40,"column":3}},"19":{"start":{"line":39,"column":2},"end":{"line":39,"column":57}},"20":{"start":{"line":41,"column":0},"end":{"line":41,"column":40}},"21":{"start":{"line":46,"column":0},"end":{"line":56,"column":5}},"22":{"start":{"line":49,"column":4},"end":{"line":49,"column":40}},"23":{"start":{"line":50,"column":4},"end":{"line":52,"column":7}},"24":{"start":{"line":51,"column":6},"end":{"line":51,"column":64}},"25":{"start":{"line":55,"column":4},"end":{"line":55,"column":55}},"26":{"start":{"line":59,"column":0},"end":{"line":59,"column":19}}},"fnMap":{"0":{"name":"(anonymous_1)","decl":{"start":{"line":29,"column":27},"end":{"line":29,"column":28}},"loc":{"start":{"line":29,"column":40},"end":{"line":32,"column":3}}},"1":{"name":"(anonymous_2)","decl":{"start":{"line":38,"column":13},"end":{"line":38,"column":14}},"loc":{"start":{"line":38,"column":26},"end":{"line":40,"column":1}}},"2":{"name":"(anonymous_3)","decl":{"start":{"line":48,"column":8},"end":{"line":48,"column":11}},"loc":{"start":{"line":48,"column":13},"end":{"line":53,"column":3}}},"3":{"name":"(anonymous_4)","decl":{"start":{"line":50,"column":21},"end":{"line":50,"column":24}},"loc":{"start":{"line":50,"column":26},"end":{"line":52,"column":5}}},"4":{"name":"(anonymous_5)","decl":{"start":{"line":54,"column":9},"end":{"line":54,"column":10}},"loc":{"start":{"line":54,"column":17},"end":{"line":56,"column":3}}}},"branchMap":{"0":{"loc":{"start":{"line":11,"column":13},"end":{"line":11,"column":37}},"type":"binary-expr","locations":[{"start":{"line":11,"column":13},"end":{"line":11,"column":29}},{"start":{"line":11,"column":33},"end":{"line":11,"column":37}}]},"1":{"loc":{"start":{"line":14,"column":0},"end":{"line":17,"column":1}},"type":"if","locations":[{"start":{"line":14,"column":0},"end":{"line":17,"column":1}}]}},"s":{"0":0,"1":0,"2":0,"3":0,"4":0,"5":0,"6":0,"7":0,"8":0,"9":0,"10":0,"11":0,"12":0,"13":0,"14":0,"15":0,"16":0,"17":0,"18":0,"19":0,"20":0,"21":0,"22":0,"23":0,"24":0,"25":0,"26":0},"f":{"0":0,"1":0,"2":0,"3":0,"4":0},"b":{"0":[0,0],"1":[0]}}
,"/Users/aly/Documents/ESGI/Clean-Code/project/src/config/swagger.ts": {"path":"/Users/aly/Documents/ESGI/Clean-Code/project/src/config/swagger.ts","statementMap":{"0":{"start":{"line":1,"column":0},"end":{"line":1,"column":41}},"1":{"start":{"line":3,"column":16},"end":{"line":19,"column":2}},"2":{"start":{"line":21,"column":13},"end":{"line":21,"column":43}}},"fnMap":{},"branchMap":{},"s":{"0":0,"1":0,"2":0},"f":{},"b":{}}
,"/Users/aly/Documents/ESGI/Clean-Code/project/src/controllers/articleController.ts": {"path":"/Users/aly/Documents/ESGI/Clean-Code/project/src/controllers/articleController.ts","statementMap":{"0":{"start":{"line":3,"column":0},"end":{"line":3,"column":80}},"1":{"start":{"line":5,"column":0},"end":{"line":5,"column":60}},"2":{"start":{"line":6,"column":0},"end":{"line":6,"column":52}},"3":{"start":{"line":16,"column":4},"end":{"line":16,"column":47}},"4":{"start":{"line":25,"column":4},"end":{"line":42,"column":5}},"5":{"start":{"line":26,"column":44},"end":{"line":26,"column":52}},"6":{"start":{"line":27,"column":30},"end":{"line":27,"column":63}},"7":{"start":{"line":29,"column":6},"end":{"line":31,"column":7}},"8":{"start":{"line":30,"column":8},"end":{"line":30,"column":64}},"9":{"start":{"line":33,"column":22},"end":{"line":36,"column":null}},"10":{"start":{"line":39,"column":6},"end":{"line":39,"column":43}},"11":{"start":{"line":41,"column":6},"end":{"line":41,"column":65}},"12":{"start":{"line":51,"column":4},"end":{"line":69,"column":5}},"13":{"start":{"line":52,"column":21},"end":{"line":52,"column":31}},"14":{"start":{"line":53,"column":44},"end":{"line":53,"column":52}},"15":{"start":{"line":55,"column":30},"end":{"line":55,"column":63}},"16":{"start":{"line":56,"column":6},"end":{"line":58,"column":7}},"17":{"start":{"line":57,"column":8},"end":{"line":57,"column":64}},"18":{"start":{"line":60,"column":22},"end":{"line":63,"column":null}},"19":{"start":{"line":66,"column":6},"end":{"line":66,"column":43}},"20":{"start":{"line":68,"column":6},"end":{"line":68,"column":62}},"21":{"start":{"line":78,"column":4},"end":{"line":84,"column":5}},"22":{"start":{"line":79,"column":21},"end":{"line":79,"column":31}},"23":{"start":{"line":80,"column":22},"end":{"line":80,"column":63}},"24":{"start":{"line":81,"column":6},"end":{"line":81,"column":43}},"25":{"start":{"line":83,"column":6},"end":{"line":83,"column":63}},"26":{"start":{"line":93,"column":4},"end":{"line":98,"column":5}},"27":{"start":{"line":94,"column":23},"end":{"line":94,"column":65}},"28":{"start":{"line":95,"column":6},"end":{"line":95,"column":44}},"29":{"start":{"line":97,"column":6},"end":{"line":97,"column":65}},"30":{"start":{"line":107,"column":4},"end":{"line":119,"column":5}},"31":{"start":{"line":108,"column":24},"end":{"line":108,"column":33}},"32":{"start":{"line":109,"column":6},"end":{"line":113,"column":7}},"33":{"start":{"line":110,"column":8},"end":{"line":112,"column":11}},"34":{"start":{"line":115,"column":23},"end":{"line":115,"column":70}},"35":{"start":{"line":116,"column":6},"end":{"line":116,"column":44}},"36":{"start":{"line":118,"column":6},"end":{"line":118,"column":66}},"37":{"start":{"line":12,"column":0},"end":{"line":12,"column":13}}},"fnMap":{"0":{"name":"(anonymous_7)","decl":{"start":{"line":15,"column":2},"end":{"line":15,"column":null}},"loc":{"start":{"line":15,"column":2},"end":{"line":17,"column":3}}},"1":{"name":"(anonymous_8)","decl":{"start":{"line":24,"column":8},"end":{"line":24,"column":21}},"loc":{"start":{"line":24,"column":49},"end":{"line":43,"column":null}}},"2":{"name":"(anonymous_10)","decl":{"start":{"line":50,"column":8},"end":{"line":50,"column":18}},"loc":{"start":{"line":50,"column":62},"end":{"line":70,"column":null}}},"3":{"name":"(anonymous_12)","decl":{"start":{"line":77,"column":8},"end":{"line":77,"column":19}},"loc":{"start":{"line":77,"column":63},"end":{"line":85,"column":null}}},"4":{"name":"(anonymous_14)","decl":{"start":{"line":92,"column":8},"end":{"line":92,"column":19}},"loc":{"start":{"line":92,"column":48},"end":{"line":99,"column":null}}},"5":{"name":"(anonymous_16)","decl":{"start":{"line":106,"column":8},"end":{"line":106,"column":22}},"loc":{"start":{"line":106,"column":50},"end":{"line":120,"column":null}}}},"branchMap":{"0":{"loc":{"start":{"line":29,"column":6},"end":{"line":31,"column":7}},"type":"if","locations":[{"start":{"line":29,"column":6},"end":{"line":31,"column":7}}]},"1":{"loc":{"start":{"line":56,"column":6},"end":{"line":58,"column":7}},"type":"if","locations":[{"start":{"line":56,"column":6},"end":{"line":58,"column":7}}]},"2":{"loc":{"start":{"line":109,"column":6},"end":{"line":113,"column":7}},"type":"if","locations":[{"start":{"line":109,"column":6},"end":{"line":113,"column":7}}]},"3":{"loc":{"start":{"line":109,"column":10},"end":{"line":109,"column":45}},"type":"binary-expr","locations":[{"start":{"line":109,"column":10},"end":{"line":109,"column":16}},{"start":{"line":109,"column":20},"end":{"line":109,"column":45}}]}},"s":{"0":1,"1":1,"2":1,"3":5,"4":1,"5":1,"6":1,"7":1,"8":0,"9":1,"10":1,"11":0,"12":1,"13":1,"14":1,"15":1,"16":1,"17":0,"18":1,"19":1,"20":0,"21":0,"22":0,"23":0,"24":0,"25":0,"26":1,"27":1,"28":1,"29":0,"30":2,"31":2,"32":2,"33":1,"34":1,"35":1,"36":0,"37":1},"f":{"0":5,"1":1,"2":1,"3":0,"4":1,"5":2},"b":{"0":[0],"1":[0],"2":[1],"3":[2,1]}}
,"/Users/aly/Documents/ESGI/Clean-Code/project/src/models/article.ts": {"path":"/Users/aly/Documents/ESGI/Clean-Code/project/src/models/article.ts","statementMap":{"0":{"start":{"line":1,"column":0},"end":{"line":1,"column":54}},"1":{"start":{"line":13,"column":22},"end":{"line":28,"column":2}},"2":{"start":{"line":30,"column":22},"end":{"line":62,"column":2}},"3":{"start":{"line":64,"column":0},"end":{"line":64,"column":72}},"4":{"start":{"line":66,"column":16},"end":{"line":66,"column":66}},"5":{"start":{"line":67,"column":0},"end":{"line":67,"column":23}}},"fnMap":{},"branchMap":{},"s":{"0":3,"1":3,"2":3,"3":3,"4":3,"5":3},"f":{},"b":{}}
,"/Users/aly/Documents/ESGI/Clean-Code/project/src/routes/articleRouter.ts": {"path":"/Users/aly/Documents/ESGI/Clean-Code/project/src/routes/articleRouter.ts","statementMap":{"0":{"start":{"line":1,"column":0},"end":{"line":1,"column":53}},"1":{"start":{"line":3,"column":0},"end":{"line":3,"column":69}},"2":{"start":{"line":49,"column":15},"end":{"line":49,"column":31}},"3":{"start":{"line":50,"column":26},"end":{"line":50,"column":49}},"4":{"start":{"line":83,"column":0},"end":{"line":85,"column":3}},"5":{"start":{"line":84,"column":2},"end":{"line":84,"column":44}},"6":{"start":{"line":114,"column":0},"end":{"line":116,"column":3}},"7":{"start":{"line":115,"column":2},"end":{"line":115,"column":41}},"8":{"start":{"line":131,"column":0},"end":{"line":133,"column":3}},"9":{"start":{"line":132,"column":2},"end":{"line":132,"column":42}},"10":{"start":{"line":151,"column":0},"end":{"line":153,"column":3}},"11":{"start":{"line":152,"column":2},"end":{"line":152,"column":42}},"12":{"start":{"line":169,"column":0},"end":{"line":171,"column":3}},"13":{"start":{"line":170,"column":2},"end":{"line":170,"column":45}},"14":{"start":{"line":175,"column":0},"end":{"line":175,"column":22}}},"fnMap":{"0":{"name":"(anonymous_1)","decl":{"start":{"line":83,"column":17},"end":{"line":83,"column":18}},"loc":{"start":{"line":83,"column":49},"end":{"line":85,"column":1}}},"1":{"name":"(anonymous_2)","decl":{"start":{"line":114,"column":29},"end":{"line":114,"column":30}},"loc":{"start":{"line":114,"column":70},"end":{"line":116,"column":1}}},"2":{"name":"(anonymous_3)","decl":{"start":{"line":131,"column":25},"end":{"line":131,"column":26}},"loc":{"start":{"line":131,"column":66},"end":{"line":133,"column":1}}},"3":{"name":"(anonymous_4)","decl":{"start":{"line":151,"column":16},"end":{"line":151,"column":17}},"loc":{"start":{"line":151,"column":48},"end":{"line":153,"column":1}}},"4":{"name":"(anonymous_5)","decl":{"start":{"line":169,"column":22},"end":{"line":169,"column":23}},"loc":{"start":{"line":169,"column":54},"end":{"line":171,"column":1}}}},"branchMap":{},"s":{"0":0,"1":0,"2":0,"3":0,"4":0,"5":0,"6":0,"7":0,"8":0,"9":0,"10":0,"11":0,"12":0,"13":0,"14":0},"f":{"0":0,"1":0,"2":0,"3":0,"4":0},"b":{}}
,"/Users/aly/Documents/ESGI/Clean-Code/project/src/services/articleService.ts": {"path":"/Users/aly/Documents/ESGI/Clean-Code/project/src/services/articleService.ts","statementMap":{"0":{"start":{"line":1,"column":0},"end":{"line":1,"column":40}},"1":{"start":{"line":2,"column":0},"end":{"line":2,"column":55}},"2":{"start":{"line":13,"column":23},"end":{"line":13,"column":62}},"3":{"start":{"line":14,"column":4},"end":{"line":14,"column":35}},"4":{"start":{"line":26,"column":20},"end":{"line":26,"column":46}},"5":{"start":{"line":27,"column":4},"end":{"line":29,"column":5}},"6":{"start":{"line":28,"column":6},"end":{"line":28,"column":41}},"7":{"start":{"line":31,"column":4},"end":{"line":31,"column":70}},"8":{"start":{"line":32,"column":4},"end":{"line":32,"column":32}},"9":{"start":{"line":40,"column":20},"end":{"line":40,"column":46}},"10":{"start":{"line":41,"column":4},"end":{"line":43,"column":5}},"11":{"start":{"line":42,"column":6},"end":{"line":42,"column":41}},"12":{"start":{"line":45,"column":4},"end":{"line":45,"column":23}},"13":{"start":{"line":46,"column":4},"end":{"line":46,"column":32}},"14":{"start":{"line":53,"column":4},"end":{"line":53,"column":56}},"15":{"start":{"line":60,"column":4},"end":{"line":66,"column":31}},"16":{"start":{"line":4,"column":0},"end":{"line":4,"column":13}}},"fnMap":{"0":{"name":"(anonymous_8)","decl":{"start":{"line":8,"column":8},"end":{"line":8,"column":21}},"loc":{"start":{"line":11,"column":18},"end":{"line":15,"column":null}}},"1":{"name":"(anonymous_10)","decl":{"start":{"line":21,"column":8},"end":{"line":21,"column":27}},"loc":{"start":{"line":24,"column":19},"end":{"line":33,"column":null}}},"2":{"name":"(anonymous_12)","decl":{"start":{"line":39,"column":8},"end":{"line":39,"column":19}},"loc":{"start":{"line":39,"column":30},"end":{"line":47,"column":null}}},"3":{"name":"(anonymous_14)","decl":{"start":{"line":52,"column":8},"end":{"line":52,"column":22}},"loc":{"start":{"line":52,"column":22},"end":{"line":54,"column":null}}},"4":{"name":"(anonymous_16)","decl":{"start":{"line":59,"column":8},"end":{"line":59,"column":22}},"loc":{"start":{"line":59,"column":36},"end":{"line":67,"column":null}}}},"branchMap":{"0":{"loc":{"start":{"line":27,"column":4},"end":{"line":29,"column":5}},"type":"if","locations":[{"start":{"line":27,"column":4},"end":{"line":29,"column":5}}]},"1":{"loc":{"start":{"line":41,"column":4},"end":{"line":43,"column":5}},"type":"if","locations":[{"start":{"line":41,"column":4},"end":{"line":43,"column":5}}]}},"s":{"0":2,"1":2,"2":1,"3":1,"4":1,"5":1,"6":0,"7":1,"8":1,"9":0,"10":0,"11":0,"12":0,"13":0,"14":0,"15":0,"16":2},"f":{"0":1,"1":1,"2":0,"3":0,"4":0},"b":{"0":[0],"1":[0]}}
,"/Users/aly/Documents/ESGI/Clean-Code/project/src/utils/errorHandler.ts": {"path":"/Users/aly/Documents/ESGI/Clean-Code/project/src/utils/errorHandler.ts","statementMap":{"0":{"start":{"line":1,"column":0},"end":{"line":1,"column":48}},"1":{"start":{"line":4,"column":27},"end":{"line":18,"column":1}},"2":{"start":{"line":5,"column":2},"end":{"line":5,"column":38}},"3":{"start":{"line":7,"column":2},"end":{"line":12,"column":3}},"4":{"start":{"line":8,"column":4},"end":{"line":11,"column":7}},"5":{"start":{"line":14,"column":2},"end":{"line":17,"column":5}},"6":{"start":{"line":4,"column":13},"end":{"line":4,"column":27}}},"fnMap":{"0":{"name":"(anonymous_0)","decl":{"start":{"line":4,"column":27},"end":{"line":4,"column":28}},"loc":{"start":{"line":4,"column":84},"end":{"line":18,"column":1}}}},"branchMap":{"0":{"loc":{"start":{"line":7,"column":2},"end":{"line":12,"column":3}},"type":"if","locations":[{"start":{"line":7,"column":2},"end":{"line":12,"column":3}}]}},"s":{"0":1,"1":1,"2":0,"3":0,"4":0,"5":0,"6":1},"f":{"0":0},"b":{"0":[0]}}
,"/Users/aly/Documents/ESGI/Clean-Code/project/src/utils/errors.ts": {"path":"/Users/aly/Documents/ESGI/Clean-Code/project/src/utils/errors.ts","statementMap":{"0":{"start":{"line":3,"column":6},"end":{"line":3,"column":54}},"1":{"start":{"line":4,"column":6},"end":{"line":4,"column":41}},"2":{"start":{"line":1,"column":0},"end":{"line":1,"column":13}}},"fnMap":{"0":{"name":"(anonymous_0)","decl":{"start":{"line":2,"column":4},"end":{"line":2,"column":16}},"loc":{"start":{"line":2,"column":33},"end":{"line":5,"column":5}}}},"branchMap":{},"s":{"0":0,"1":0,"2":3},"f":{"0":0},"b":{}}
,"/Users/aly/Documents/ESGI/Clean-Code/project/src/utils/validator.ts": {"path":"/Users/aly/Documents/ESGI/Clean-Code/project/src/utils/validator.ts","statementMap":{"0":{"start":{"line":3,"column":36},"end":{"line":8,"column":1}},"1":{"start":{"line":4,"column":2},"end":{"line":4,"column":54}},"2":{"start":{"line":4,"column":27},"end":{"line":4,"column":54}},"3":{"start":{"line":5,"column":2},"end":{"line":5,"column":58}},"4":{"start":{"line":5,"column":29},"end":{"line":5,"column":58}},"5":{"start":{"line":6,"column":2},"end":{"line":6,"column":56}},"6":{"start":{"line":6,"column":28},"end":{"line":6,"column":56}},"7":{"start":{"line":7,"column":2},"end":{"line":7,"column":14}},"8":{"start":{"line":3,"column":13},"end":{"line":3,"column":36}},"9":{"start":{"line":10,"column":36},"end":{"line":14,"column":1}},"10":{"start":{"line":11,"column":2},"end":{"line":11,"column":66}},"11":{"start":{"line":11,"column":29},"end":{"line":11,"column":66}},"12":{"start":{"line":12,"column":2},"end":{"line":12,"column":64}},"13":{"start":{"line":12,"column":28},"end":{"line":12,"column":64}},"14":{"start":{"line":13,"column":2},"end":{"line":13,"column":14}},"15":{"start":{"line":10,"column":13},"end":{"line":10,"column":36}}},"fnMap":{"0":{"name":"(anonymous_0)","decl":{"start":{"line":3,"column":36},"end":{"line":3,"column":37}},"loc":{"start":{"line":3,"column":78},"end":{"line":8,"column":1}}},"1":{"name":"(anonymous_1)","decl":{"start":{"line":10,"column":36},"end":{"line":10,"column":37}},"loc":{"start":{"line":10,"column":78},"end":{"line":14,"column":1}}}},"branchMap":{"0":{"loc":{"start":{"line":4,"column":2},"end":{"line":4,"column":54}},"type":"if","locations":[{"start":{"line":4,"column":2},"end":{"line":4,"column":54}}]},"1":{"loc":{"start":{"line":4,"column":7},"end":{"line":4,"column":25}},"type":"cond-expr","locations":[{"start":{"line":4,"column":17},"end":{"line":4,"column":19}},{"start":{"line":4,"column":17},"end":{"line":4,"column":25}}]},"2":{"loc":{"start":{"line":4,"column":7},"end":{"line":4,"column":19}},"type":"binary-expr","locations":[{"start":{"line":4,"column":7},"end":{"line":4,"column":19}},{"start":{"line":4,"column":17},"end":{"line":4,"column":19}}]},"3":{"loc":{"start":{"line":5,"column":2},"end":{"line":5,"column":58}},"type":"if","locations":[{"start":{"line":5,"column":2},"end":{"line":5,"column":58}}]},"4":{"loc":{"start":{"line":5,"column":7},"end":{"line":5,"column":27}},"type":"cond-expr","locations":[{"start":{"line":5,"column":19},"end":{"line":5,"column":21}},{"start":{"line":5,"column":19},"end":{"line":5,"column":27}}]},"5":{"loc":{"start":{"line":5,"column":7},"end":{"line":5,"column":21}},"type":"binary-expr","locations":[{"start":{"line":5,"column":7},"end":{"line":5,"column":21}},{"start":{"line":5,"column":19},"end":{"line":5,"column":21}}]},"6":{"loc":{"start":{"line":6,"column":2},"end":{"line":6,"column":56}},"type":"if","locations":[{"start":{"line":6,"column":2},"end":{"line":6,"column":56}}]},"7":{"loc":{"start":{"line":6,"column":7},"end":{"line":6,"column":26}},"type":"cond-expr","locations":[{"start":{"line":6,"column":18},"end":{"line":6,"column":20}},{"start":{"line":6,"column":18},"end":{"line":6,"column":26}}]},"8":{"loc":{"start":{"line":6,"column":7},"end":{"line":6,"column":20}},"type":"binary-expr","locations":[{"start":{"line":6,"column":7},"end":{"line":6,"column":20}},{"start":{"line":6,"column":18},"end":{"line":6,"column":20}}]},"9":{"loc":{"start":{"line":11,"column":2},"end":{"line":11,"column":66}},"type":"if","locations":[{"start":{"line":11,"column":2},"end":{"line":11,"column":66}}]},"10":{"loc":{"start":{"line":11,"column":7},"end":{"line":11,"column":27}},"type":"cond-expr","locations":[{"start":{"line":11,"column":19},"end":{"line":11,"column":21}},{"start":{"line":11,"column":19},"end":{"line":11,"column":27}}]},"11":{"loc":{"start":{"line":11,"column":7},"end":{"line":11,"column":21}},"type":"binary-expr","locations":[{"start":{"line":11,"column":7},"end":{"line":11,"column":21}},{"start":{"line":11,"column":19},"end":{"line":11,"column":21}}]},"12":{"loc":{"start":{"line":12,"column":2},"end":{"line":12,"column":64}},"type":"if","locations":[{"start":{"line":12,"column":2},"end":{"line":12,"column":64}}]},"13":{"loc":{"start":{"line":12,"column":7},"end":{"line":12,"column":26}},"type":"cond-expr","locations":[{"start":{"line":12,"column":18},"end":{"line":12,"column":20}},{"start":{"line":12,"column":18},"end":{"line":12,"column":26}}]},"14":{"loc":{"start":{"line":12,"column":7},"end":{"line":12,"column":20}},"type":"binary-expr","locations":[{"start":{"line":12,"column":7},"end":{"line":12,"column":20}},{"start":{"line":12,"column":18},"end":{"line":12,"column":20}}]}},"s":{"0":1,"1":1,"2":0,"3":1,"4":0,"5":1,"6":0,"7":1,"8":1,"9":1,"10":1,"11":0,"12":1,"13":0,"14":1,"15":1},"f":{"0":1,"1":1},"b":{"0":[0],"1":[0,1],"2":[1,1],"3":[0],"4":[0,1],"5":[1,1],"6":[0],"7":[0,1],"8":[1,1],"9":[0],"10":[0,1],"11":[1,1],"12":[0],"13":[0,1],"14":[1,1]}}
}
