TN:
SF:src/index.ts
FN:29,(anonymous_1)
FN:38,(anonymous_2)
FN:48,(anonymous_3)
FN:50,(anonymous_4)
FN:54,(anonymous_5)
FNF:5
FNH:0
FNDA:0,(anonymous_1)
FNDA:0,(anonymous_2)
FNDA:0,(anonymous_3)
FNDA:0,(anonymous_4)
FNDA:0,(anonymous_5)
DA:1,0
DA:2,0
DA:3,0
DA:4,0
DA:5,0
DA:6,0
DA:8,0
DA:10,0
DA:11,0
DA:12,0
DA:14,0
DA:15,0
DA:16,0
DA:19,0
DA:29,0
DA:30,0
DA:31,0
DA:35,0
DA:38,0
DA:39,0
DA:41,0
DA:46,0
DA:49,0
DA:50,0
DA:51,0
DA:55,0
DA:59,0
LF:27
LH:0
BRDA:11,0,0,0
BRDA:11,0,1,0
BRDA:14,1,0,0
BRF:3
BRH:0
end_of_record
TN:
SF:src/config/swagger.ts
FNF:0
FNH:0
DA:1,0
DA:3,0
DA:21,0
LF:3
LH:0
BRF:0
BRH:0
end_of_record
TN:
SF:src/controllers/articleController.ts
FN:15,(anonymous_7)
FN:24,(anonymous_8)
FN:50,(anonymous_10)
FN:77,(anonymous_12)
FN:92,(anonymous_14)
FN:106,(anonymous_16)
FNF:6
FNH:5
FNDA:5,(anonymous_7)
FNDA:1,(anonymous_8)
FNDA:1,(anonymous_10)
FNDA:0,(anonymous_12)
FNDA:1,(anonymous_14)
FNDA:2,(anonymous_16)
DA:3,1
DA:5,1
DA:6,1
DA:12,1
DA:16,5
DA:25,1
DA:26,1
DA:27,1
DA:29,1
DA:30,0
DA:33,1
DA:39,1
DA:41,0
DA:51,1
DA:52,1
DA:53,1
DA:55,1
DA:56,1
DA:57,0
DA:60,1
DA:66,1
DA:68,0
DA:78,0
DA:79,0
DA:80,0
DA:81,0
DA:83,0
DA:93,1
DA:94,1
DA:95,1
DA:97,0
DA:107,2
DA:108,2
DA:109,2
DA:110,1
DA:115,1
DA:116,1
DA:118,0
LF:38
LH:27
BRDA:29,0,0,0
BRDA:56,1,0,0
BRDA:109,2,0,1
BRDA:109,3,0,2
BRDA:109,3,1,1
BRF:5
BRH:3
end_of_record
TN:
SF:src/models/article.ts
FNF:0
FNH:0
DA:1,3
DA:13,3
DA:30,3
DA:64,3
DA:66,3
DA:67,3
LF:6
LH:6
BRF:0
BRH:0
end_of_record
TN:
SF:src/routes/articleRouter.ts
FN:83,(anonymous_1)
FN:114,(anonymous_2)
FN:131,(anonymous_3)
FN:151,(anonymous_4)
FN:169,(anonymous_5)
FNF:5
FNH:0
FNDA:0,(anonymous_1)
FNDA:0,(anonymous_2)
FNDA:0,(anonymous_3)
FNDA:0,(anonymous_4)
FNDA:0,(anonymous_5)
DA:1,0
DA:3,0
DA:49,0
DA:50,0
DA:83,0
DA:84,0
DA:114,0
DA:115,0
DA:131,0
DA:132,0
DA:151,0
DA:152,0
DA:169,0
DA:170,0
DA:175,0
LF:15
LH:0
BRF:0
BRH:0
end_of_record
TN:
SF:src/services/articleService.ts
FN:8,(anonymous_8)
FN:21,(anonymous_10)
FN:39,(anonymous_12)
FN:52,(anonymous_14)
FN:59,(anonymous_16)
FNF:5
FNH:2
FNDA:1,(anonymous_8)
FNDA:1,(anonymous_10)
FNDA:0,(anonymous_12)
FNDA:0,(anonymous_14)
FNDA:0,(anonymous_16)
DA:1,2
DA:2,2
DA:4,2
DA:13,1
DA:14,1
DA:26,1
DA:27,1
DA:28,0
DA:31,1
DA:32,1
DA:40,0
DA:41,0
DA:42,0
DA:45,0
DA:46,0
DA:53,0
DA:60,0
LF:17
LH:9
BRDA:27,0,0,0
BRDA:41,1,0,0
BRF:2
BRH:0
end_of_record
TN:
SF:src/utils/errorHandler.ts
FN:4,(anonymous_0)
FNF:1
FNH:0
FNDA:0,(anonymous_0)
DA:1,1
DA:4,1
DA:5,0
DA:7,0
DA:8,0
DA:14,0
LF:6
LH:2
BRDA:7,0,0,0
BRF:1
BRH:0
end_of_record
TN:
SF:src/utils/errors.ts
FN:2,(anonymous_0)
FNF:1
FNH:0
FNDA:0,(anonymous_0)
DA:1,3
DA:3,0
DA:4,0
LF:3
LH:1
BRF:0
BRH:0
end_of_record
TN:
SF:src/utils/validator.ts
FN:3,(anonymous_0)
FN:10,(anonymous_1)
FNF:2
FNH:2
FNDA:1,(anonymous_0)
FNDA:1,(anonymous_1)
DA:3,1
DA:4,1
DA:5,1
DA:6,1
DA:7,1
DA:10,1
DA:11,1
DA:12,1
DA:13,1
LF:9
LH:9
BRDA:4,0,0,0
BRDA:4,1,0,0
BRDA:4,1,1,1
BRDA:4,2,0,1
BRDA:4,2,1,1
BRDA:5,3,0,0
BRDA:5,4,0,0
BRDA:5,4,1,1
BRDA:5,5,0,1
BRDA:5,5,1,1
BRDA:6,6,0,0
BRDA:6,7,0,0
BRDA:6,7,1,1
BRDA:6,8,0,1
BRDA:6,8,1,1
BRDA:11,9,0,0
BRDA:11,10,0,0
BRDA:11,10,1,1
BRDA:11,11,0,1
BRDA:11,11,1,1
BRDA:12,12,0,0
BRDA:12,13,0,0
BRDA:12,13,1,1
BRDA:12,14,0,1
BRDA:12,14,1,1
BRF:25
BRH:15
end_of_record
